This is XeTeX, Version 3.14159265-2.6-0.999992 (TeX Live 2020) (preloaded format=xelatex 2020.4.7)  2 MAY 2022 15:50
entering extended mode
 restricted \write18 enabled.
 %&-line parsing enabled.
**john_ortiz_cv.tex
(./john_ortiz_cv.tex
LaTeX2e <2020-02-02> patch level 5
L3 programming layer <2020-03-06>
(/usr/local/texlive/2020/texmf-dist/tex/latex/base/article.cls
Document Class: article 2019/12/20 v1.4l Standard LaTeX document class
(/usr/local/texlive/2020/texmf-dist/tex/latex/base/size11.clo
File: size11.clo 2019/12/20 v1.4l Standard LaTeX file (size option)
)
\c@part=\count163
\c@section=\count164
\c@subsection=\count165
\c@subsubsection=\count166
\c@paragraph=\count167
\c@subparagraph=\count168
\c@figure=\count169
\c@table=\count170
\abovecaptionskip=\skip47
\belowcaptionskip=\skip48
\bibindent=\dimen134
)
(/usr/local/texlive/2020/texmf-dist/tex/latex/fontspec/fontspec.sty
(/usr/local/texlive/2020/texmf-dist/tex/latex/l3packages/xparse/xparse.sty
(/usr/local/texlive/2020/texmf-dist/tex/latex/l3kernel/expl3.sty
Package: expl3 2020-03-06 L3 programming layer (loader) 

(/usr/local/texlive/2020/texmf-dist/tex/latex/l3backend/l3backend-xdvipdfmx.def
File: l3backend-xdvipdfmx.def 2020-03-12 L3 backend support: xdvipdfmx
\g__graphics_track_int=\count171
\l__pdf_internal_box=\box45
\g__pdf_backend_object_int=\count172
\g__pdf_backend_annotation_int=\count173
))
Package: xparse 2020-03-06 L3 Experimental document command parser
\l__xparse_current_arg_int=\count174
\g__xparse_grabber_int=\count175
\l__xparse_m_args_int=\count176
\l__xparse_v_nesting_int=\count177
)
Package: fontspec 2020/02/21 v2.7i Font selection for XeLaTeX and LuaLaTeX
 (/usr/local/texlive/2020/texmf-dist/tex/latex/fontspec/fontspec-xetex.sty
Package: fontspec-xetex 2020/02/21 v2.7i Font selection for XeLaTeX and LuaLaTe
X
\l__fontspec_script_int=\count178
\l__fontspec_language_int=\count179
\l__fontspec_strnum_int=\count180
\l__fontspec_tmp_int=\count181
\l__fontspec_tmpa_int=\count182
\l__fontspec_tmpb_int=\count183
\l__fontspec_tmpc_int=\count184
\l__fontspec_em_int=\count185
\l__fontspec_emdef_int=\count186
\l__fontspec_strong_int=\count187
\l__fontspec_strongdef_int=\count188
\l__fontspec_tmpa_dim=\dimen135
\l__fontspec_tmpb_dim=\dimen136
\l__fontspec_tmpc_dim=\dimen137

(/usr/local/texlive/2020/texmf-dist/tex/latex/base/fontenc.sty
Package: fontenc 2020/02/11 v2.0o Standard LaTeX package
)
(/usr/local/texlive/2020/texmf-dist/tex/latex/fontspec/fontspec.cfg)))
(/usr/local/texlive/2020/texmf-dist/tex/latex/geometry/geometry.sty
Package: geometry 2020/01/02 v5.9 Page Geometry

(/usr/local/texlive/2020/texmf-dist/tex/latex/graphics/keyval.sty
Package: keyval 2014/10/28 v1.15 key=value parser (DPC)
\KV@toks@=\toks15
)
(/usr/local/texlive/2020/texmf-dist/tex/generic/iftex/ifvtex.sty
Package: ifvtex 2019/10/25 v1.7 ifvtex legacy package. Use iftex instead.

(/usr/local/texlive/2020/texmf-dist/tex/generic/iftex/iftex.sty
Package: iftex 2020/03/06 v1.0d TeX engine tests
))
\Gm@cnth=\count189
\Gm@cntv=\count190
\c@Gm@tempcnt=\count191
\Gm@bindingoffset=\dimen138
\Gm@wd@mp=\dimen139
\Gm@odd@mp=\dimen140
\Gm@even@mp=\dimen141
\Gm@layoutwidth=\dimen142
\Gm@layoutheight=\dimen143
\Gm@layouthoffset=\dimen144
\Gm@layoutvoffset=\dimen145
\Gm@dimlist=\toks16
)
(/usr/local/texlive/2020/texmf-dist/tex/xelatex/xunicode/xunicode.sty
File: xunicode.sty 2011/09/09 v0.981 provides access to latin accents and many 
other characters in Unicode lower plane

(/usr/local/texlive/2020/texmf-dist/tex/latex/tipa/t3enc.def
File: t3enc.def 2001/12/31 T3 encoding
)
\tipaTiiicode=\count192
\tipasavetokens=\toks17
\tipachecktokens=\toks18

(/usr/local/texlive/2020/texmf-dist/tex/latex/graphics/graphicx.sty
Package: graphicx 2019/11/30 v1.2a Enhanced LaTeX Graphics (DPC,SPQR)

(/usr/local/texlive/2020/texmf-dist/tex/latex/graphics/graphics.sty
Package: graphics 2019/11/30 v1.4a Standard LaTeX Graphics (DPC,SPQR)

(/usr/local/texlive/2020/texmf-dist/tex/latex/graphics/trig.sty
Package: trig 2016/01/03 v1.10 sin cos tan (DPC)
)
(/usr/local/texlive/2020/texmf-dist/tex/latex/graphics-cfg/graphics.cfg
File: graphics.cfg 2016/06/04 v1.11 sample graphics configuration
)
Package graphics Info: Driver file: xetex.def on input line 105.

(/usr/local/texlive/2020/texmf-dist/tex/latex/graphics-def/xetex.def
File: xetex.def 2017/06/24 v5.0h Graphics/color driver for xetex
))
\Gin@req@height=\dimen146
\Gin@req@width=\dimen147
))
(/usr/local/texlive/2020/texmf-dist/tex/xelatex/xltxtra/xltxtra.sty
Package: xltxtra 2018/12/31 v0.7 Improvements for the "XeLaTeX" format

(/usr/local/texlive/2020/texmf-dist/tex/generic/iftex/ifluatex.sty
Package: ifluatex 2019/10/25 v1.5 ifluatex legacy package. Use iftex instead.
)
(/usr/local/texlive/2020/texmf-dist/tex/generic/iftex/ifxetex.sty
Package: ifxetex 2019/10/25 v0.7 ifxetex legacy package. Use iftex instead.
)
(/usr/local/texlive/2020/texmf-dist/tex/latex/realscripts/realscripts.sty
Package: realscripts 2016/02/13 v0.3d Access OpenType subscripts and superscrip
ts
\subsupersep=\dimen148
)
(/usr/local/texlive/2020/texmf-dist/tex/latex/metalogo/metalogo.sty
Package: metalogo 2010/05/29 v0.12 Extended TeX logo macros
\xl@everylogo=\toks19
\xl@@everylogo=\toks20
LaTeX Info: Redefining \TeX on input line 193.
LaTeX Info: Redefining \LaTeX on input line 202.
LaTeX Info: Redefining \LaTeXe on input line 219.
)
\l__xetex_show_hyphens_wrapping_box=\box46
\l__xetex_show_hyphens_temp_box=\box47
\l__xetex_show_hyphens_final_box=\box48
\g__xetex_show_hyphens_word_box=\box49
)

Package fontspec Info: Font family 'AdobeCaslonPro(0)' created for font 'Adobe
(fontspec)             Caslon Pro' with options
(fontspec)             [Mapping=tex-text,Ligatures=TeX,Ligatures={Common},Numbe
rs={OldStyle}].
(fontspec)              
(fontspec)              This font family consists of the following NFSS
(fontspec)             series/shapes:
(fontspec)              
(fontspec)             - 'normal' (m/n) with NFSS spec.: <->"Adobe Caslon
(fontspec)             Pro/OT:script=latn;language=dflt;+liga;+onum;mapping=tex
-text;"
(fontspec)             - 'small caps'  (m/sc) with NFSS spec.: <->"Adobe
(fontspec)             Caslon
(fontspec)             Pro/OT:script=latn;language=dflt;+liga;+onum;+smcp;mappi
ng=tex-text;"
(fontspec)             - 'bold' (b/n) with NFSS spec.: <->"Adobe Caslon
(fontspec)             Pro/B/OT:script=latn;language=dflt;+liga;+onum;mapping=t
ex-text;"
(fontspec)             - 'bold small caps'  (b/sc) with NFSS spec.: <->"Adobe
(fontspec)             Caslon
(fontspec)             Pro/B/OT:script=latn;language=dflt;+liga;+onum;+smcp;map
ping=tex-text;"
(fontspec)             - 'italic' (m/it) with NFSS spec.: <->"Adobe Caslon
(fontspec)             Pro/I/OT:script=latn;language=dflt;+liga;+onum;mapping=t
ex-text;"
(fontspec)             - 'italic small caps'  (m/scit) with NFSS spec.: 
(fontspec)             - 'bold italic' (b/it) with NFSS spec.: <->"Adobe
(fontspec)             Caslon
(fontspec)             Pro/BI/OT:script=latn;language=dflt;+liga;+onum;mapping=
tex-text;"
(fontspec)             - 'bold italic small caps'  (b/scit) with NFSS spec.: 


Package fontspec Info: Could not resolve font "Monaco/BI" (it probably doesn't
(fontspec)             exist).


Package fontspec Info: Could not resolve font "Monaco/B" (it probably doesn't
(fontspec)             exist).


Package fontspec Info: Could not resolve font "Monaco/I" (it probably doesn't
(fontspec)             exist).


Package fontspec Info: Font family 'Monaco(0)' created for font 'Monaco' with
(fontspec)             options
(fontspec)             [Mapping=tex-text,WordSpace={1,0,0},HyphenChar=None,Punc
tuationSpace=WordSpace,Scale=0.8].
(fontspec)              
(fontspec)              This font family consists of the following NFSS
(fontspec)             series/shapes:
(fontspec)              
(fontspec)             - 'normal' (m/n) with NFSS spec.:
(fontspec)             <->s*[0.8]"Monaco/AAT:mapping=tex-text;"
(fontspec)             - 'small caps'  (m/sc) with NFSS spec.: 
(fontspec)             and font adjustment code:
(fontspec)             \fontdimen 2\font =1\fontdimen 2\font \fontdimen 3\font
(fontspec)             =0\fontdimen 3\font \fontdimen 4\font =0\fontdimen
(fontspec)             4\font \fontdimen 7\font =0\fontdimen 2\font
(fontspec)             \tex_hyphenchar:D \font =-1\scan_stop: 


Package fontspec Info: Font family 'OptimaRegular(0)' created for font 'Optima
(fontspec)             Regular' with options
(fontspec)             [Mapping=tex-text,Ligatures=TeX,Scale=0.9].
(fontspec)              
(fontspec)              This font family consists of the following NFSS
(fontspec)             series/shapes:
(fontspec)              
(fontspec)             - 'normal' (m/n) with NFSS spec.: <->s*[0.9]"Optima
(fontspec)             Regular/AAT:mapping=tex-text;"
(fontspec)             - 'small caps'  (m/sc) with NFSS spec.: 
(fontspec)             - 'bold' (b/n) with NFSS spec.: <->s*[0.9]"Optima
(fontspec)             Regular/B/AAT:mapping=tex-text;"
(fontspec)             - 'bold small caps'  (b/sc) with NFSS spec.: 
(fontspec)             - 'italic' (m/it) with NFSS spec.: <->s*[0.9]"Optima
(fontspec)             Regular/I/AAT:mapping=tex-text;"
(fontspec)             - 'italic small caps'  (m/scit) with NFSS spec.: 
(fontspec)             - 'bold italic' (b/it) with NFSS spec.:
(fontspec)             <->s*[0.9]"Optima Regular/BI/AAT:mapping=tex-text;"
(fontspec)             - 'bold italic small caps'  (b/scit) with NFSS spec.: 


(/usr/local/texlive/2020/texmf-dist/tex/latex/marginnote/marginnote.sty
Package: marginnote 2018/08/09 v1.4b non floating margin notes for LaTeX
\c@mn@abspage=\count193
)
(/usr/local/texlive/2020/texmf-dist/tex/latex/ifsym/ifsym.sty
Package: ifsym 2000/04/18 I.Kloeckl

(/usr/local/texlive/2020/texmf-dist/tex/latex/tools/calc.sty
Package: calc 2017/05/25 v4.3 Infix arithmetic (KKT,FJ)
\calc@Acount=\count194
\calc@Bcount=\count195
\calc@Adimen=\dimen149
\calc@Bdimen=\dimen150
\calc@Askip=\skip49
\calc@Bskip=\skip50
LaTeX Info: Redefining \setlength on input line 80.
LaTeX Info: Redefining \addtolength on input line 81.
\calc@Ccount=\count196
\calc@Cskip=\skip51
)
\c@ifsymcnt=\count197
)
(/usr/local/texlive/2020/texmf-dist/tex/latex/marvosym/marvosym.sty
Package: marvosym 2011/07/20 v2.2 Martin Vogel's Symbols font definitions


! LaTeX Error: Command \Letter already defined.
               Or name \end... illegal, see p.192 of the manual.

See the LaTeX manual or LaTeX Companion for explanation.
Type  H <return>  for immediate help.
 ...                                              
                                                  
l.44 \newcommand\Letter{\mvchr{66}}
                                   
? s
OK, entering \scrollmode...
) (/usr/local/texlive/2020/texmf-dist/tex/latex/changepage/changepage.sty
Package: changepage 2009/10/20 v1.0c check page and change page layout
\c@cp@cntr=\count198
\cp@tempcnt=\count199
)
(/usr/local/texlive/2020/texmf-dist/tex/latex/sectsty/sectsty.sty
Package: sectsty 2002/02/25 v2.0.2 Commands to change all sectional heading sty
les


LaTeX Warning: Command \underbar  has changed.
               Check if current package is valid.


LaTeX Warning: Command \underline  has changed.
               Check if current package is valid.

) (/usr/local/texlive/2020/texmf-dist/tex/generic/ulem/ulem.sty
\UL@box=\box50
\UL@hyphenbox=\box51
\UL@skip=\skip52
\UL@hook=\toks21
\UL@height=\dimen151
\UL@pe=\count266
\UL@pixel=\dimen152
\ULC@box=\box52
Package: ulem 2019/11/18
\ULdepth=\dimen153
)
(/usr/local/texlive/2020/texmf-dist/tex/latex/hyperref/hyperref.sty
Package: hyperref 2020/01/14 v7.00d Hypertext links for LaTeX

(/usr/local/texlive/2020/texmf-dist/tex/generic/ltxcmds/ltxcmds.sty
Package: ltxcmds 2019/12/15 v1.24 LaTeX kernel commands for general use (HO)
)
(/usr/local/texlive/2020/texmf-dist/tex/latex/pdftexcmds/pdftexcmds.sty
Package: pdftexcmds 2019/11/24 v0.31 Utility functions of pdfTeX for LuaTeX (HO
)

(/usr/local/texlive/2020/texmf-dist/tex/generic/infwarerr/infwarerr.sty
Package: infwarerr 2019/12/03 v1.5 Providing info/warning/error messages (HO)
)
Package pdftexcmds Info: \pdf@primitive is available.
Package pdftexcmds Info: \pdf@ifprimitive is available.
Package pdftexcmds Info: \pdfdraftmode not found.
)
(/usr/local/texlive/2020/texmf-dist/tex/generic/kvsetkeys/kvsetkeys.sty
Package: kvsetkeys 2019/12/15 v1.18 Key value parser (HO)
)
(/usr/local/texlive/2020/texmf-dist/tex/generic/kvdefinekeys/kvdefinekeys.sty
Package: kvdefinekeys 2019-12-19 v1.6 Define keys (HO)
)
(/usr/local/texlive/2020/texmf-dist/tex/generic/pdfescape/pdfescape.sty
Package: pdfescape 2019/12/09 v1.15 Implements pdfTeX's escape features (HO)
)
(/usr/local/texlive/2020/texmf-dist/tex/latex/hycolor/hycolor.sty
Package: hycolor 2020-01-27 v1.10 Color options for hyperref/bookmark (HO)
)
(/usr/local/texlive/2020/texmf-dist/tex/latex/letltxmacro/letltxmacro.sty
Package: letltxmacro 2019/12/03 v1.6 Let assignment for LaTeX macros (HO)
)
(/usr/local/texlive/2020/texmf-dist/tex/latex/auxhook/auxhook.sty
Package: auxhook 2019-12-17 v1.6 Hooks for auxiliary files (HO)
)
(/usr/local/texlive/2020/texmf-dist/tex/latex/kvoptions/kvoptions.sty
Package: kvoptions 2019/11/29 v3.13 Key value format for package options (HO)
)
\@linkdim=\dimen154
\Hy@linkcounter=\count267
\Hy@pagecounter=\count268

(/usr/local/texlive/2020/texmf-dist/tex/latex/hyperref/pd1enc.def
File: pd1enc.def 2020/01/14 v7.00d Hyperref: PDFDocEncoding definition (HO)
)
(/usr/local/texlive/2020/texmf-dist/tex/generic/intcalc/intcalc.sty
Package: intcalc 2019/12/15 v1.3 Expandable calculations with integers (HO)
)
(/usr/local/texlive/2020/texmf-dist/tex/generic/etexcmds/etexcmds.sty
Package: etexcmds 2019/12/15 v1.7 Avoid name clashes with e-TeX commands (HO)
)
\Hy@SavedSpaceFactor=\count269
Package hyperref Info: Option `bookmarks' set `true' on input line 4421.
Package hyperref Info: Option `colorlinks' set `true' on input line 4421.
Package hyperref Info: Option `breaklinks' set `true' on input line 4421.


Package hyperref Warning: XeTeX driver only supports unicode.
(hyperref)                Enabling option `unicode'.

Package hyperref Info: Option `unicode' set `true' on input line 4421.
(/usr/local/texlive/2020/texmf-dist/tex/latex/hyperref/puenc.def
File: puenc.def 2020/01/14 v7.00d Hyperref: PDF Unicode definition (HO)
)

Package hyperref Warning: Token not allowed in a PDF string (Unicode):
(hyperref)                removing `subscript' on input line 4421.


Package hyperref Warning: Token not allowed in a PDF string (Unicode):
(hyperref)                removing `subscript' on input line 4421.

Package hyperref Info: Hyper figures OFF on input line 4547.
Package hyperref Info: Link nesting OFF on input line 4552.
Package hyperref Info: Hyper index ON on input line 4555.
Package hyperref Info: Plain pages OFF on input line 4562.
Package hyperref Info: Backreferencing OFF on input line 4567.
Package hyperref Info: Implicit mode ON; LaTeX internals redefined.
Package hyperref Info: Bookmarks ON on input line 4800.
\c@Hy@tempcnt=\count270
(/usr/local/texlive/2020/texmf-dist/tex/latex/url/url.sty
\Urlmuskip=\muskip16
Package: url 2013/09/16  ver 3.4  Verb mode for urls, etc.
)
LaTeX Info: Redefining \url on input line 5159.
\XeTeXLinkMargin=\dimen155

(/usr/local/texlive/2020/texmf-dist/tex/generic/bitset/bitset.sty
Package: bitset 2019/12/09 v1.3 Handle bit-vector datatype (HO)

(/usr/local/texlive/2020/texmf-dist/tex/generic/bigintcalc/bigintcalc.sty
Package: bigintcalc 2019/12/15 v1.5 Expandable calculations on big integers (HO
)
))
\Fld@menulength=\count271
\Field@Width=\dimen156
\Fld@charsize=\dimen157
Package hyperref Info: Hyper figures OFF on input line 6430.
Package hyperref Info: Link nesting OFF on input line 6435.
Package hyperref Info: Hyper index ON on input line 6438.
Package hyperref Info: backreferencing OFF on input line 6445.
Package hyperref Info: Link coloring ON on input line 6448.
Package hyperref Info: Link coloring with OCG OFF on input line 6455.
Package hyperref Info: PDF/A mode OFF on input line 6460.
LaTeX Info: Redefining \ref on input line 6500.
LaTeX Info: Redefining \pageref on input line 6504.

(/usr/local/texlive/2020/texmf-dist/tex/generic/atbegshi/atbegshi.sty
Package: atbegshi 2019/12/05 v1.19 At begin shipout hook (HO)
)
\Hy@abspage=\count272
\c@Item=\count273
\c@Hfootnote=\count274
)
Package hyperref Info: Driver: hxetex.

(/usr/local/texlive/2020/texmf-dist/tex/latex/hyperref/hxetex.def
File: hxetex.def 2020/01/14 v7.00d Hyperref driver for XeTeX

(/usr/local/texlive/2020/texmf-dist/tex/generic/stringenc/stringenc.sty
Package: stringenc 2019/11/29 v1.12 Convert strings between diff. encodings (HO
)
)
\pdfm@box=\box53
\c@Hy@AnnotLevel=\count275
\HyField@AnnotCount=\count276
\Fld@listcount=\count277
\c@bookmark@seq@number=\count278

(/usr/local/texlive/2020/texmf-dist/tex/latex/rerunfilecheck/rerunfilecheck.sty
Package: rerunfilecheck 2019/12/05 v1.9 Rerun checks for auxiliary files (HO)
(/usr/local/texlive/2020/texmf-dist/tex/latex/atveryend/atveryend.sty
Package: atveryend 2019-12-11 v1.11 Hooks at the very end of document (HO)
Package atveryend Info: \enddocument detected (standard20110627).
)
(/usr/local/texlive/2020/texmf-dist/tex/generic/uniquecounter/uniquecounter.sty
Package: uniquecounter 2019/12/15 v1.4 Provide unlimited unique counter (HO)
)
Package uniquecounter Info: New unique counter `rerunfilecheck' on input line 2
86.
)
\Hy@SectionHShift=\skip53
) (/usr/local/texlive/2020/texmf-dist/tex/latex/censor/censor.sty
Package: censor 2018/11/15 3.22Provides capability for redaction of sensitive i
nformation

(/usr/local/texlive/2020/texmf-dist/tex/latex/pbox/pbox.sty
Package: pbox 2011/12/07 v1.2 Dynamic parboxes

(/usr/local/texlive/2020/texmf-dist/tex/latex/base/ifthen.sty
Package: ifthen 2014/09/29 v1.1c Standard LaTeX ifthen package (DPC)
)
\pb@xlen=\skip54
)
(/usr/local/texlive/2020/texmf-dist/tex/latex/ifnextok/ifnextok.sty
Package: ifnextok 2011/06/27 v0.3 test next token (UL)
)
\censorruledepth=\skip55
\censorruleheight=\skip56
\periodrlap=\skip57
\afterperiodlap=\skip58
\lletterlap=\skip59
\rletterlap=\skip60
\afterspacelap=\skip61
)
(/usr/local/texlive/2020/texmf-dist/tex/latex/tools/multicol.sty
Package: multicol 2019/12/09 v1.8y multicolumn formatting (FMi)
\c@tracingmulticols=\count279
\mult@box=\box54
\multicol@leftmargin=\dimen158
\c@unbalance=\count280
\c@collectmore=\count281
\doublecol@number=\count282
\multicoltolerance=\count283
\multicolpretolerance=\count284
\full@width=\dimen159
\page@free=\dimen160
\premulticols=\dimen161
\postmulticols=\dimen162
\multicolsep=\skip62
\multicolbaselineskip=\skip63
\partial@page=\box55
\last@line=\box56
\maxbalancingoverflow=\dimen163
\mult@rightbox=\box57
\mult@grightbox=\box58
\mult@gfirstbox=\box59
\mult@firstbox=\box60
\@tempa=\box61
\@tempa=\box62
\@tempa=\box63
\@tempa=\box64
\@tempa=\box65
\@tempa=\box66
\@tempa=\box67
\@tempa=\box68
\@tempa=\box69
\@tempa=\box70
\@tempa=\box71
\@tempa=\box72
\@tempa=\box73
\@tempa=\box74
\@tempa=\box75
\@tempa=\box76
\@tempa=\box77
\@tempa=\box78
\@tempa=\box79
\@tempa=\box80
\@tempa=\box81
\@tempa=\box82
\@tempa=\box83
\@tempa=\box84
\@tempa=\box85
\@tempa=\box86
\@tempa=\box87
\@tempa=\box88
\@tempa=\box89
\@tempa=\box90
\@tempa=\box91
\@tempa=\box92
\@tempa=\box93
\@tempa=\box94
\@tempa=\box95
\@tempa=\box96
\@tempa=\box97
\c@minrows=\count285
\c@columnbadness=\count286
\c@finalcolumnbadness=\count287
\last@try=\dimen164
\multicolovershoot=\dimen165
\multicolundershoot=\dimen166
\mult@nat@firstbox=\box98
\colbreak@box=\box99
\mc@col@check@num=\count288
)
(./john_ortiz_cv.aux)
\openout1 = `john_ortiz_cv.aux'.

LaTeX Font Info:    Checking defaults for OML/cmm/m/it on input line 82.
LaTeX Font Info:    ... okay on input line 82.
LaTeX Font Info:    Checking defaults for OMS/cmsy/m/n on input line 82.
LaTeX Font Info:    ... okay on input line 82.
LaTeX Font Info:    Checking defaults for OT1/cmr/m/n on input line 82.
LaTeX Font Info:    ... okay on input line 82.
LaTeX Font Info:    Checking defaults for T1/cmr/m/n on input line 82.
LaTeX Font Info:    ... okay on input line 82.
LaTeX Font Info:    Checking defaults for TS1/cmr/m/n on input line 82.
LaTeX Font Info:    Trying to load font information for TS1+cmr on input line 8
2.

(/usr/local/texlive/2020/texmf-dist/tex/latex/base/ts1cmr.fd
File: ts1cmr.fd 2019/12/16 v2.5j Standard LaTeX font definitions
)
LaTeX Font Info:    ... okay on input line 82.
LaTeX Font Info:    Checking defaults for TU/lmr/m/n on input line 82.
LaTeX Font Info:    ... okay on input line 82.
LaTeX Font Info:    Checking defaults for OMX/cmex/m/n on input line 82.
LaTeX Font Info:    ... okay on input line 82.
LaTeX Font Info:    Checking defaults for U/cmr/m/n on input line 82.
LaTeX Font Info:    ... okay on input line 82.
LaTeX Font Info:    Checking defaults for T3/cmr/m/n on input line 82.
LaTeX Font Info:    Trying to load font information for T3+cmr on input line 82
.

(/usr/local/texlive/2020/texmf-dist/tex/latex/tipa/t3cmr.fd
File: t3cmr.fd 2001/12/31 TIPA font definitions
)
LaTeX Font Info:    ... okay on input line 82.
LaTeX Font Info:    Checking defaults for PD1/pdf/m/n on input line 82.
LaTeX Font Info:    ... okay on input line 82.
LaTeX Font Info:    Checking defaults for PU/pdf/m/n on input line 82.
LaTeX Font Info:    ... okay on input line 82.

Package fontspec Info: Adjusting the maths setup (use [no-math] to avoid
(fontspec)             this).

\symlegacymaths=\mathgroup4
LaTeX Font Info:    Overwriting symbol font `legacymaths' in version `bold'
(Font)                  OT1/cmr/m/n --> OT1/cmr/bx/n on input line 82.
LaTeX Font Info:    Redeclaring math accent \acute on input line 82.
LaTeX Font Info:    Redeclaring math accent \grave on input line 82.
LaTeX Font Info:    Redeclaring math accent \ddot on input line 82.
LaTeX Font Info:    Redeclaring math accent \tilde on input line 82.
LaTeX Font Info:    Redeclaring math accent \bar on input line 82.
LaTeX Font Info:    Redeclaring math accent \breve on input line 82.
LaTeX Font Info:    Redeclaring math accent \check on input line 82.
LaTeX Font Info:    Redeclaring math accent \hat on input line 82.
LaTeX Font Info:    Redeclaring math accent \dot on input line 82.
LaTeX Font Info:    Redeclaring math accent \mathring on input line 82.
LaTeX Font Info:    Redeclaring math symbol \colon on input line 82.
LaTeX Font Info:    Redeclaring math symbol \Gamma on input line 82.
LaTeX Font Info:    Redeclaring math symbol \Delta on input line 82.
LaTeX Font Info:    Redeclaring math symbol \Theta on input line 82.
LaTeX Font Info:    Redeclaring math symbol \Lambda on input line 82.
LaTeX Font Info:    Redeclaring math symbol \Xi on input line 82.
LaTeX Font Info:    Redeclaring math symbol \Pi on input line 82.
LaTeX Font Info:    Redeclaring math symbol \Sigma on input line 82.
LaTeX Font Info:    Redeclaring math symbol \Upsilon on input line 82.
LaTeX Font Info:    Redeclaring math symbol \Phi on input line 82.
LaTeX Font Info:    Redeclaring math symbol \Psi on input line 82.
LaTeX Font Info:    Redeclaring math symbol \Omega on input line 82.
LaTeX Font Info:    Redeclaring math symbol \mathdollar on input line 82.
LaTeX Font Info:    Redeclaring symbol font `operators' on input line 82.
LaTeX Font Info:    Encoding `OT1' has changed to `TU' for symbol font
(Font)              `operators' in the math version `normal' on input line 82.
LaTeX Font Info:    Overwriting symbol font `operators' in version `normal'
(Font)                  OT1/cmr/m/n --> TU/AdobeCaslonPro(0)/m/n on input line 
82.
LaTeX Font Info:    Encoding `OT1' has changed to `TU' for symbol font
(Font)              `operators' in the math version `bold' on input line 82.
LaTeX Font Info:    Overwriting symbol font `operators' in version `bold'
(Font)                  OT1/cmr/bx/n --> TU/AdobeCaslonPro(0)/m/n on input line
 82.
LaTeX Font Info:    Overwriting symbol font `operators' in version `normal'
(Font)                  TU/AdobeCaslonPro(0)/m/n --> TU/AdobeCaslonPro(0)/m/n o
n input line 82.
LaTeX Font Info:    Overwriting math alphabet `\mathit' in version `normal'
(Font)                  OT1/cmr/m/it --> TU/AdobeCaslonPro(0)/m/it on input lin
e 82.
LaTeX Font Info:    Overwriting math alphabet `\mathbf' in version `normal'
(Font)                  OT1/cmr/bx/n --> TU/AdobeCaslonPro(0)/b/n on input line
 82.
LaTeX Font Info:    Overwriting math alphabet `\mathsf' in version `normal'
(Font)                  OT1/cmss/m/n --> TU/OptimaRegular(0)/m/n on input line 
82.
LaTeX Font Info:    Overwriting math alphabet `\mathtt' in version `normal'
(Font)                  OT1/cmtt/m/n --> TU/Monaco(0)/m/n on input line 82.
LaTeX Font Info:    Overwriting symbol font `operators' in version `bold'
(Font)                  TU/AdobeCaslonPro(0)/m/n --> TU/AdobeCaslonPro(0)/b/n o
n input line 82.
LaTeX Font Info:    Overwriting math alphabet `\mathit' in version `bold'
(Font)                  OT1/cmr/bx/it --> TU/AdobeCaslonPro(0)/b/it on input li
ne 82.
LaTeX Font Info:    Overwriting math alphabet `\mathsf' in version `bold'
(Font)                  OT1/cmss/bx/n --> TU/OptimaRegular(0)/b/n on input line
 82.
LaTeX Font Info:    Overwriting math alphabet `\mathtt' in version `bold'
(Font)                  OT1/cmtt/m/n --> TU/Monaco(0)/b/n on input line 82.

*geometry* driver: auto-detecting
*geometry* detected driver: xetex
*geometry* verbose mode - [ preamble ] result:
* driver: xetex
* paper: letterpaper
* layout: <same size as paper>
* layoutoffset:(h,v)=(0.0pt,0.0pt)
* modes: 
* h-part:(L,W,R)=(108.405pt, 397.48499pt, 108.40501pt)
* v-part:(T,H,B)=(57.81598pt, 650.43pt, 86.72401pt)
* \paperwidth=614.295pt
* \paperheight=794.96999pt
* \textwidth=397.48499pt
* \textheight=650.43pt
* \oddsidemargin=36.13501pt
* \evensidemargin=36.13501pt
* \topmargin=-51.45401pt
* \headheight=12.0pt
* \headsep=25.0pt
* \topskip=11.0pt
* \footskip=30.0pt
* \marginparwidth=43.36243pt
* \marginparsep=7.0pt
* \columnsep=10.0pt
* \skip\footins=10.0pt plus 4.0pt minus 2.0pt
* \hoffset=0.0pt
* \voffset=0.0pt
* \mag=1000
* \@twocolumnfalse
* \@twosidefalse
* \@mparswitchfalse
* \@reversemargintrue
* (1in=72.27pt=25.4mm, 1cm=28.453pt)

\AtBeginShipoutBox=\box100
(/usr/local/texlive/2020/texmf-dist/tex/latex/graphics/color.sty
Package: color 2019/11/23 v1.2a Standard LaTeX Color (DPC)

(/usr/local/texlive/2020/texmf-dist/tex/latex/graphics-cfg/color.cfg
File: color.cfg 2016/01/02 v1.6 sample color configuration
)
Package color Info: Driver file: xetex.def on input line 147.
)
Package hyperref Info: Link coloring ON on input line 82.

(/usr/local/texlive/2020/texmf-dist/tex/latex/hyperref/nameref.sty
Package: nameref 2019/09/16 v2.46 Cross-referencing by name of section

(/usr/local/texlive/2020/texmf-dist/tex/latex/refcount/refcount.sty
Package: refcount 2019/12/15 v3.6 Data extraction from label references (HO)
)
(/usr/local/texlive/2020/texmf-dist/tex/generic/gettitlestring/gettitlestring.s
ty
Package: gettitlestring 2019/12/15 v1.6 Cleanup title references (HO)
)
\c@section@level=\count289
)
LaTeX Info: Redefining \ref on input line 82.
LaTeX Info: Redefining \pageref on input line 82.
LaTeX Info: Redefining \nameref on input line 82.
 (./john_ortiz_cv.out) (./john_ortiz_cv.out)
\@outlinefile=\write3
\openout3 = `john_ortiz_cv.out'.

LaTeX Font Info:    External font `cmex10' loaded for size
(Font)              <10.95> on input line 96.
LaTeX Font Info:    External font `cmex10' loaded for size
(Font)              <8> on input line 96.
LaTeX Font Info:    External font `cmex10' loaded for size
(Font)              <6> on input line 96.
LaTeX Font Info:    Trying to load font information for U+ifsym on input line 1
02.

(/usr/local/texlive/2020/texmf-dist/tex/latex/ifsym/uifsym.fd)
LaTeX Font Info:    Trying to load font information for U+mvs on input line 107
.

(/usr/local/texlive/2020/texmf-dist/tex/latex/marvosym/umvs.fd)
Overfull \hbox (36.24202pt too wide) in paragraph at lines 96--122
 [] 
 []

Package marginnote Info: Margin note 1.1 is on absolute page 1 on input line 14
2.
Package marginnote Info: right page because not two side mode on input line 142
.
Package marginnote Info: xpos seems to be 108.405pt on input line 142.
Package marginnote Info: Margin note 1.2 is on absolute page 1 on input line 15
0.
Package marginnote Info: right page because not two side mode on input line 150
.
Package marginnote Info: xpos seems to be 108.405pt on input line 150.
Package marginnote Info: Margin note 1.3 is on absolute page 1 on input line 15
8.
Package marginnote Info: right page because not two side mode on input line 158
.
Package marginnote Info: xpos seems to be 108.405pt on input line 158.

Package fontspec Info: Font family 'AdobeCaslonPro(1)' created for font 'Adobe
(fontspec)             Caslon Pro' with options [Mapping=tex-text,Scale=.95].
(fontspec)              
(fontspec)              This font family consists of the following NFSS
(fontspec)             series/shapes:
(fontspec)              
(fontspec)             - 'normal' (m/n) with NFSS spec.: <->s*[.95]"Adobe
(fontspec)             Caslon
(fontspec)             Pro/OT:script=latn;language=dflt;mapping=tex-text;"
(fontspec)             - 'small caps'  (m/sc) with NFSS spec.:
(fontspec)             <->s*[.95]"Adobe Caslon
(fontspec)             Pro/OT:script=latn;language=dflt;+smcp;mapping=tex-text;
"
(fontspec)             - 'bold' (b/n) with NFSS spec.: <->s*[.95]"Adobe Caslon
(fontspec)             Pro/B/OT:script=latn;language=dflt;mapping=tex-text;"
(fontspec)             - 'bold small caps'  (b/sc) with NFSS spec.:
(fontspec)             <->s*[.95]"Adobe Caslon
(fontspec)             Pro/B/OT:script=latn;language=dflt;+smcp;mapping=tex-tex
t;"
(fontspec)             - 'italic' (m/it) with NFSS spec.: <->s*[.95]"Adobe
(fontspec)             Caslon
(fontspec)             Pro/I/OT:script=latn;language=dflt;mapping=tex-text;"
(fontspec)             - 'italic small caps'  (m/scit) with NFSS spec.: 
(fontspec)             - 'bold italic' (b/it) with NFSS spec.:
(fontspec)             <->s*[.95]"Adobe Caslon
(fontspec)             Pro/BI/OT:script=latn;language=dflt;mapping=tex-text;"
(fontspec)             - 'bold italic small caps'  (b/scit) with NFSS spec.: 

LaTeX Font Info:    Font shape `TU/AdobeCaslonPro(1)/m/n' will be
(Font)              scaled to size 13.67995pt on input line 185.
LaTeX Font Info:    Font shape `TU/AdobeCaslonPro(1)/m/it' will be
(Font)              scaled to size 13.67995pt on input line 185.
Package marginnote Info: Margin note 1.4 is on absolute page 1 on input line 19
1.
Package marginnote Info: right page because not two side mode on input line 191
.
Package marginnote Info: xpos seems to be 108.405pt on input line 191.
Package marginnote Info: Margin note 1.5 is on absolute page 1 on input line 19
9.
Package marginnote Info: right page because not two side mode on input line 199
.
Package marginnote Info: xpos seems to be 108.405pt on input line 199.
Package marginnote Info: Margin note 1.6 is on absolute page 1 on input line 20
7.
Package marginnote Info: right page because not two side mode on input line 207
.
Package marginnote Info: xpos seems to be 108.405pt on input line 207.
Package marginnote Info: Margin note 1.7 is on absolute page 1 on input line 22
0.
Package marginnote Info: right page because not two side mode on input line 220
.
Package marginnote Info: xpos seems to be 108.405pt on input line 220.
[1

]
Package marginnote Info: Margin note 2.1 is on absolute page 2 on input line 23
2.
Package marginnote Info: right page because not two side mode on input line 232
.
Package marginnote Info: xpos seems to be 108.405pt on input line 232.
Package marginnote Info: Margin note 2.2 is on absolute page 2 on input line 24
6.
Package marginnote Info: right page because not two side mode on input line 246
.
Package marginnote Info: xpos seems to be 108.405pt on input line 246.
Package marginnote Info: Margin note 2.3 is on absolute page 2 on input line 25
5.
Package marginnote Info: right page because not two side mode on input line 255
.
Package marginnote Info: xpos seems to be 108.405pt on input line 255.
Package marginnote Info: Margin note 2.4 is on absolute page 2 on input line 28
1.
Package marginnote Info: right page because not two side mode on input line 281
.
Package marginnote Info: xpos seems to be 108.405pt on input line 281.
 [2]
Package marginnote Info: Margin note 3.1 is on absolute page 3 on input line 30
0.
Package marginnote Info: right page because not two side mode on input line 300
.
Package marginnote Info: xpos seems to be 108.405pt on input line 300.
Package marginnote Info: Margin note 3.2 is on absolute page 3 on input line 31
1.
Package marginnote Info: right page because not two side mode on input line 311
.
Package marginnote Info: xpos seems to be 108.405pt on input line 311.
Package marginnote Info: Margin note 3.3 is on absolute page 3 on input line 32
3.
Package marginnote Info: right page because not two side mode on input line 323
.
Package marginnote Info: xpos seems to be 108.405pt on input line 323.
Package marginnote Info: Margin note 3.4 is on absolute page 3 on input line 33
0.
Package marginnote Info: right page because not two side mode on input line 330
.
Package marginnote Info: xpos seems to be 108.405pt on input line 330.

Overfull \hbox (0.84705pt too wide) in paragraph at lines 339--345
\TU/AdobeCaslonPro(0)/m/n/10.95 PFLOTRAN numerical models and generating nodal 
grids for finite-element meshes. Have
 []

[3] [4]
Package marginnote Info: Margin note 5.1 is on absolute page 5 on input line 37
7.
Package marginnote Info: right page because not two side mode on input line 377
.
Package marginnote Info: xpos seems to be 108.405pt on input line 377.
Package marginnote Info: Margin note 5.2 is on absolute page 5 on input line 38
2.
Package marginnote Info: right page because not two side mode on input line 382
.
Package marginnote Info: xpos seems to be 108.405pt on input line 382.
Package marginnote Info: Margin note 5.3 is on absolute page 5 on input line 38
6.
Package marginnote Info: right page because not two side mode on input line 386
.
Package marginnote Info: xpos seems to be 108.405pt on input line 386.
Package marginnote Info: Margin note 5.4 is on absolute page 5 on input line 39
1.
Package marginnote Info: right page because not two side mode on input line 391
.
Package marginnote Info: xpos seems to be 108.405pt on input line 391.
Package marginnote Info: Margin note 5.5 is on absolute page 5 on input line 39
6.
Package marginnote Info: right page because not two side mode on input line 396
.
Package marginnote Info: xpos seems to be 108.405pt on input line 396.
Package marginnote Info: Margin note 5.6 is on absolute page 5 on input line 40
0.
Package marginnote Info: right page because not two side mode on input line 400
.
Package marginnote Info: xpos seems to be 108.405pt on input line 400.
Package marginnote Info: Margin note 5.7 is on absolute page 5 on input line 40
4.
Package marginnote Info: right page because not two side mode on input line 404
.
Package marginnote Info: xpos seems to be 108.405pt on input line 404.
Package marginnote Info: Margin note 5.8 is on absolute page 5 on input line 40
8.
Package marginnote Info: right page because not two side mode on input line 408
.
Package marginnote Info: xpos seems to be 108.405pt on input line 408.
Package marginnote Info: Margin note 5.9 is on absolute page 5 on input line 41
3.
Package marginnote Info: right page because not two side mode on input line 413
.
Package marginnote Info: xpos seems to be 108.405pt on input line 413.
Package marginnote Info: Margin note 5.10 is on absolute page 5 on input line 4
17.
Package marginnote Info: right page because not two side mode on input line 417
.
Package marginnote Info: xpos seems to be 108.405pt on input line 417.
Package marginnote Info: Margin note 5.11 is on absolute page 5 on input line 4
21.
Package marginnote Info: right page because not two side mode on input line 421
.
Package marginnote Info: xpos seems to be 108.405pt on input line 421.
Package marginnote Info: Margin note 5.12 is on absolute page 6 on input line 4
27.
Package marginnote Info: right page because not two side mode on input line 427
.
Package marginnote Info: xpos seems to be 108.405pt on input line 427.
Package marginnote Info: Margin note 5.13 is on absolute page 6 on input line 4
30.
Package marginnote Info: right page because not two side mode on input line 430
.
Package marginnote Info: xpos seems to be 108.405pt on input line 430.
 [5]
Package marginnote Info: Margin note 6.1 is on absolute page 6 on input line 43
7.
Package marginnote Info: right page because not two side mode on input line 437
.
Package marginnote Info: xpos seems to be 108.405pt on input line 437.
Package marginnote Info: Margin note 6.2 is on absolute page 6 on input line 44
0.
Package marginnote Info: right page because not two side mode on input line 440
.
Package marginnote Info: xpos seems to be 108.405pt on input line 440.
Package marginnote Info: Margin note 6.3 is on absolute page 6 on input line 44
5.
Package marginnote Info: right page because not two side mode on input line 445
.
Package marginnote Info: xpos seems to be 108.405pt on input line 445.
Package marginnote Info: Margin note 6.4 is on absolute page 6 on input line 45
2.
Package marginnote Info: right page because not two side mode on input line 452
.
Package marginnote Info: xpos seems to be 108.405pt on input line 452.
Package marginnote Info: Margin note 6.5 is on absolute page 6 on input line 45
6.
Package marginnote Info: right page because not two side mode on input line 456
.
Package marginnote Info: xpos seems to be 108.405pt on input line 456.
Package marginnote Info: Margin note 6.6 is on absolute page 6 on input line 46
0.
Package marginnote Info: right page because not two side mode on input line 460
.
Package marginnote Info: xpos seems to be 108.405pt on input line 460.
Package marginnote Info: Margin note 6.7 is on absolute page 6 on input line 46
4.
Package marginnote Info: right page because not two side mode on input line 464
.
Package marginnote Info: xpos seems to be 108.405pt on input line 464.
Package marginnote Info: Margin note 6.8 is on absolute page 6 on input line 46
9.
Package marginnote Info: right page because not two side mode on input line 469
.
Package marginnote Info: xpos seems to be 108.405pt on input line 469.
Package marginnote Info: Margin note 6.9 is on absolute page 6 on input line 47
3.
Package marginnote Info: right page because not two side mode on input line 473
.
Package marginnote Info: xpos seems to be 108.405pt on input line 473.
Package marginnote Info: Margin note 6.10 is on absolute page 6 on input line 4
77.
Package marginnote Info: right page because not two side mode on input line 477
.
Package marginnote Info: xpos seems to be 108.405pt on input line 477.
Package marginnote Info: Margin note 6.11 is on absolute page 6 on input line 4
82.
Package marginnote Info: right page because not two side mode on input line 482
.
Package marginnote Info: xpos seems to be 108.405pt on input line 482.
Package marginnote Info: Margin note 6.12 is on absolute page 7 on input line 4
86.
Package marginnote Info: right page because not two side mode on input line 486
.
Package marginnote Info: xpos seems to be 108.405pt on input line 486.
Package marginnote Info: Margin note 6.13 is on absolute page 7 on input line 4
89.
Package marginnote Info: right page because not two side mode on input line 489
.
Package marginnote Info: xpos seems to be 108.405pt on input line 489.
Package marginnote Info: Margin note 6.14 is on absolute page 7 on input line 4
92.
Package marginnote Info: right page because not two side mode on input line 492
.
Package marginnote Info: xpos seems to be 108.405pt on input line 492.
Package marginnote Info: Margin note 6.15 is on absolute page 7 on input line 4
96.
Package marginnote Info: right page because not two side mode on input line 496
.
Package marginnote Info: xpos seems to be 108.405pt on input line 496.
Package marginnote Info: Margin note 6.16 is on absolute page 7 on input line 4
98.
Package marginnote Info: right page because not two side mode on input line 498
.
Package marginnote Info: xpos seems to be 108.405pt on input line 498.
Package marginnote Info: Margin note 6.17 is on absolute page 7 on input line 5
01.
Package marginnote Info: right page because not two side mode on input line 501
.
Package marginnote Info: xpos seems to be 108.405pt on input line 501.
Package marginnote Info: Margin note 6.18 is on absolute page 7 on input line 5
04.
Package marginnote Info: right page because not two side mode on input line 504
.
Package marginnote Info: xpos seems to be 108.405pt on input line 504.

Overfull \hbox (2.56058pt too wide) in paragraph at lines 482--507
|[]\TU/AdobeCaslonPro(0)/m/n/10.95 “NROMM Seepage Tool: recent capability devel
opment and analytical verification”, LANL,
 []


Underfull \hbox (badness 10000) in paragraph at lines 482--507

 []

[6]
Package marginnote Info: Margin note 7.1 is on absolute page 7 on input line 51
2.
Package marginnote Info: right page because not two side mode on input line 512
.
Package marginnote Info: xpos seems to be 108.405pt on input line 512.

Underfull \hbox (badness 10000) in paragraph at lines 511--516

 []

Package marginnote Info: Margin note 7.2 is on absolute page 7 on input line 52
2.
Package marginnote Info: right page because not two side mode on input line 522
.
Package marginnote Info: xpos seems to be 108.405pt on input line 522.
Package marginnote Info: Margin note 7.3 is on absolute page 7 on input line 52
3.
Package marginnote Info: right page because not two side mode on input line 523
.
Package marginnote Info: xpos seems to be 108.405pt on input line 523.
Package marginnote Info: Margin note 7.4 is on absolute page 7 on input line 52
4.
Package marginnote Info: right page because not two side mode on input line 524
.
Package marginnote Info: xpos seems to be 108.405pt on input line 524.
Package marginnote Info: Margin note 7.5 is on absolute page 7 on input line 52
5.
Package marginnote Info: right page because not two side mode on input line 525
.
Package marginnote Info: xpos seems to be 108.405pt on input line 525.
Package marginnote Info: Margin note 7.6 is on absolute page 7 on input line 52
6.
Package marginnote Info: right page because not two side mode on input line 526
.
Package marginnote Info: xpos seems to be 108.405pt on input line 526.
Package marginnote Info: Margin note 7.7 is on absolute page 7 on input line 52
7.
Package marginnote Info: right page because not two side mode on input line 527
.
Package marginnote Info: xpos seems to be 108.405pt on input line 527.
Package marginnote Info: Margin note 7.8 is on absolute page 7 on input line 54
6.
Package marginnote Info: right page because not two side mode on input line 546
.
Package marginnote Info: xpos seems to be 108.405pt on input line 546.

Package fontspec Info: Font family 'TimesNewRoman(0)' created for font 'Times
(fontspec)             New Roman' with options [Mapping=tex-text].
(fontspec)              
(fontspec)              This font family consists of the following NFSS
(fontspec)             series/shapes:
(fontspec)              
(fontspec)             - 'normal' (m/n) with NFSS spec.: <->"Times New
(fontspec)             Roman/OT:script=latn;language=dflt;mapping=tex-text;"
(fontspec)             - 'small caps'  (m/sc) with NFSS spec.: 
(fontspec)             - 'bold' (b/n) with NFSS spec.: <->"Times New
(fontspec)             Roman/B/OT:script=latn;language=dflt;mapping=tex-text;"
(fontspec)             - 'bold small caps'  (b/sc) with NFSS spec.: 
(fontspec)             - 'italic' (m/it) with NFSS spec.: <->"Times New
(fontspec)             Roman/I/OT:script=latn;language=dflt;mapping=tex-text;"
(fontspec)             - 'italic small caps'  (m/scit) with NFSS spec.: 
(fontspec)             - 'bold italic' (b/it) with NFSS spec.: <->"Times New
(fontspec)             Roman/BI/OT:script=latn;language=dflt;mapping=tex-text;"

(fontspec)             - 'bold italic small caps'  (b/scit) with NFSS spec.: 

[7]
Package atveryend Info: Empty hook `BeforeClearDocument' on input line 563.
 [8]
Package atveryend Info: Empty hook `AfterLastShipout' on input line 563.
 (./john_ortiz_cv.aux)
Package atveryend Info: Empty hook `AtVeryEndDocument' on input line 563.
Package atveryend Info: Executing hook `AtEndAfterFileList' on input line 563.
Package rerunfilecheck Info: File `john_ortiz_cv.out' has not changed.
(rerunfilecheck)             Checksum: D41D8CD98F00B204E9800998ECF8427E;0.
Package atveryend Info: Empty hook `AtVeryVeryEnd' on input line 563.
 ) 
Here is how much of TeX's memory you used:
 15741 strings out of 479418
 288510 string characters out of 5884586
 588057 words of memory out of 5000000
 32999 multiletter control sequences out of 15000+600000
 536623 words of font info for 99 fonts, out of 8000000 for 9000
 1348 hyphenation exceptions out of 8191
 52i,14n,100p,699b,392s stack positions out of 5000i,500n,10000p,200000b,80000s

Output written on john_ortiz_cv.xdv (8 pages, 207772 bytes).
